<?xml version="1.0" encoding="UTF-8"?>
<!-- Generated by org.testng.reporters.JUnitXMLReporter -->
<testsuite ignored="0" hostname="Acer-Master" failures="1" tests="3" name="chromeTest" time="12.993" errors="0" timestamp="2025-07-03T02:27:18 IST">
  <testcase classname="tests.TC001_Homepage_CategoryVerification" name="print_mainCategory_names" time="0.285"/>
  <testcase classname="tests.TC001_Homepage_CategoryVerification" name="navigate_randomCategory" time="3.923"/>
  <testcase classname="tests.TC001_Homepage_CategoryVerification" name="verifyProductCount" time="0.415">
    <failure type="java.lang.AssertionError" message="Verification failed. Screenshot saved">
      <![CDATA[java.lang.AssertionError: Verification failed. Screenshot saved
at tests.TC001_Homepage_CategoryVerification.verifyProductCount(TC001_Homepage_CategoryVerification.java:47)
at java.base/java.util.ArrayList.forEach(ArrayList.java:1596)
... Removed 26 stack frames]]>
    </failure>
  </testcase> <!-- verifyProductCount -->
</testsuite> <!-- chromeTest -->
