<?xml version="1.0" encoding="UTF-8"?>
<!-- Generated by org.testng.reporters.JUnitXMLReporter -->
<testsuite ignored="0" hostname="Acer-Master" failures="1" tests="3" name="firefoxTest" time="25.993" errors="0" timestamp="2025-07-03T02:27:05 IST">
  <testcase classname="tests.TC001_Homepage_CategoryVerification" name="print_mainCategory_names" time="0.282"/>
  <testcase classname="tests.TC001_Homepage_CategoryVerification" name="navigate_randomCategory" time="12.953">
    <failure type="java.lang.AssertionError" message="No subcategories available to click. Screenshot Saved. Expected condition failed: waiting for visibility of [[[[FirefoxDriver: firefox on windows (676a706b-7135-4ec8-b50f-5908548b60fb)] -&amp;gt; xpath: //ul[@class=&amp;apos;nav-pills categorymenu&amp;apos;]/li[a[contains(@href,&amp;apos;product/category&amp;apos;)]]]] -&amp;gt; xpath: .//div[contains(@class,&amp;apos;subcategories&amp;apos;)]] (tried for 10 second(s) with 500 milliseconds interval)
Build info: version: &amp;apos;4.33.0&amp;apos;, revision: &amp;apos;2c6aaad03a&amp;apos;
System info: os.name: &amp;apos;Windows 11&amp;apos;, os.arch: &amp;apos;amd64&amp;apos;, os.version: &amp;apos;10.0&amp;apos;, java.version: &amp;apos;21.0.1&amp;apos;
Driver info: org.openqa.selenium.firefox.FirefoxDriver
Capabilities {acceptInsecureCerts: true, browserName: firefox, browserVersion: 140.0.2, moz:accessibilityChecks: false, moz:buildID: 20250627085530, moz:geckodriverVersion: 0.36.0, moz:headless: false, moz:platformVersion: 10.0, moz:processID: 22388, moz:profile: C:\Users\ARUN\AppData\Local..., moz:shutdownTimeout: 60000, moz:webdriverClick: true, moz:windowless: false, pageLoadStrategy: normal, platformName: windows, proxy: Proxy(), setWindowRect: true, strictFileInteractability: false, timeouts: {implicit: 0, pageLoad: 300000, script: 30000}, unhandledPromptBehavior: dismiss and notify, userAgent: Mozilla/5.0 (Windows NT 10....}
Session ID: 676a706b-7135-4ec8-b50f-5908548b60fb">
      <![CDATA[java.lang.AssertionError: No subcategories available to click. Screenshot Saved. Expected condition failed: waiting for visibility of [[[[FirefoxDriver: firefox on windows (676a706b-7135-4ec8-b50f-5908548b60fb)] -> xpath: //ul[@class='nav-pills categorymenu']/li[a[contains(@href,'product/category')]]]] -> xpath: .//div[contains(@class,'subcategories')]] (tried for 10 second(s) with 500 milliseconds interval)
Build info: version: '4.33.0', revision: '2c6aaad03a'
System info: os.name: 'Windows 11', os.arch: 'amd64', os.version: '10.0', java.version: '21.0.1'
Driver info: org.openqa.selenium.firefox.FirefoxDriver
Capabilities {acceptInsecureCerts: true, browserName: firefox, browserVersion: 140.0.2, moz:accessibilityChecks: false, moz:buildID: 20250627085530, moz:geckodriverVersion: 0.36.0, moz:headless: false, moz:platformVersion: 10.0, moz:processID: 22388, moz:profile: C:\Users\ARUN\AppData\Local..., moz:shutdownTimeout: 60000, moz:webdriverClick: true, moz:windowless: false, pageLoadStrategy: normal, platformName: windows, proxy: Proxy(), setWindowRect: true, strictFileInteractability: false, timeouts: {implicit: 0, pageLoad: 300000, script: 30000}, unhandledPromptBehavior: dismiss and notify, userAgent: Mozilla/5.0 (Windows NT 10....}
Session ID: 676a706b-7135-4ec8-b50f-5908548b60fb
at tests.TC001_Homepage_CategoryVerification.navigate_randomCategory(TC001_Homepage_CategoryVerification.java:32)
at java.base/java.util.ArrayList.forEach(ArrayList.java:1596)
... Removed 26 stack frames]]>
    </failure>
  </testcase> <!-- navigate_randomCategory -->
  <testcase classname="tests.TC001_Homepage_CategoryVerification" name="verifyProductCount" time="0.0">
    <skipped/>
  </testcase> <!-- verifyProductCount -->
</testsuite> <!-- firefoxTest -->
